mode: set
github.com/raphhawk/subs/cmd/web/handlers.go:19.3,21.2 1 1
github.com/raphhawk/subs/cmd/web/handlers.go:26.3,28.2 1 1
github.com/raphhawk/subs/cmd/web/handlers.go:33.3,38.16 3 1
github.com/raphhawk/subs/cmd/web/handlers.go:38.16,40.3 1 0
github.com/raphhawk/subs/cmd/web/handlers.go:43.2,47.16 4 1
github.com/raphhawk/subs/cmd/web/handlers.go:47.16,51.3 3 0
github.com/raphhawk/subs/cmd/web/handlers.go:53.2,54.16 2 1
github.com/raphhawk/subs/cmd/web/handlers.go:54.16,58.3 3 1
github.com/raphhawk/subs/cmd/web/handlers.go:60.2,60.20 1 0
github.com/raphhawk/subs/cmd/web/handlers.go:60.20,72.3 5 0
github.com/raphhawk/subs/cmd/web/handlers.go:74.2,78.47 4 0
github.com/raphhawk/subs/cmd/web/handlers.go:84.3,88.2 3 1
github.com/raphhawk/subs/cmd/web/handlers.go:93.3,95.2 1 0
github.com/raphhawk/subs/cmd/web/handlers.go:100.3,102.16 2 0
github.com/raphhawk/subs/cmd/web/handlers.go:102.16,104.3 1 0
github.com/raphhawk/subs/cmd/web/handlers.go:106.2,116.16 3 0
github.com/raphhawk/subs/cmd/web/handlers.go:116.16,120.3 3 0
github.com/raphhawk/subs/cmd/web/handlers.go:122.2,135.52 7 0
github.com/raphhawk/subs/cmd/web/handlers.go:141.3,144.37 3 0
github.com/raphhawk/subs/cmd/web/handlers.go:144.37,148.3 3 0
github.com/raphhawk/subs/cmd/web/handlers.go:150.2,151.16 2 0
github.com/raphhawk/subs/cmd/web/handlers.go:151.16,155.3 3 0
github.com/raphhawk/subs/cmd/web/handlers.go:157.2,158.34 2 0
github.com/raphhawk/subs/cmd/web/handlers.go:158.34,162.3 3 0
github.com/raphhawk/subs/cmd/web/handlers.go:163.2,164.52 2 0
github.com/raphhawk/subs/cmd/web/handlers.go:167.77,169.2 1 0
github.com/raphhawk/subs/cmd/web/handlers.go:174.16,195.2 14 0
github.com/raphhawk/subs/cmd/web/handlers.go:197.76,202.16 4 0
github.com/raphhawk/subs/cmd/web/handlers.go:202.16,206.3 3 0
github.com/raphhawk/subs/cmd/web/handlers.go:208.2,209.9 2 0
github.com/raphhawk/subs/cmd/web/handlers.go:209.9,213.3 3 0
github.com/raphhawk/subs/cmd/web/handlers.go:215.2,216.12 2 0
github.com/raphhawk/subs/cmd/web/handlers.go:216.12,220.17 3 0
github.com/raphhawk/subs/cmd/web/handlers.go:220.17,222.4 1 0
github.com/raphhawk/subs/cmd/web/handlers.go:224.3,230.21 2 0
github.com/raphhawk/subs/cmd/web/handlers.go:233.2,234.12 2 0
github.com/raphhawk/subs/cmd/web/handlers.go:234.12,238.17 4 0
github.com/raphhawk/subs/cmd/web/handlers.go:238.17,241.4 2 0
github.com/raphhawk/subs/cmd/web/handlers.go:243.3,254.51 3 0
github.com/raphhawk/subs/cmd/web/handlers.go:257.2,258.16 2 0
github.com/raphhawk/subs/cmd/web/handlers.go:258.16,262.3 3 0
github.com/raphhawk/subs/cmd/web/handlers.go:264.2,265.16 2 0
github.com/raphhawk/subs/cmd/web/handlers.go:265.16,269.3 3 0
github.com/raphhawk/subs/cmd/web/handlers.go:271.2,274.60 3 0
github.com/raphhawk/subs/cmd/web/handlers.go:280.3,282.16 2 0
github.com/raphhawk/subs/cmd/web/handlers.go:282.16,285.3 2 0
github.com/raphhawk/subs/cmd/web/handlers.go:287.2,292.4 3 0
github.com/raphhawk/subs/cmd/web/helpers.go:3.43,6.2 2 0
github.com/raphhawk/subs/cmd/web/mailer.go:41.36,42.6 1 0
github.com/raphhawk/subs/cmd/web/mailer.go:42.6,43.10 1 0
github.com/raphhawk/subs/cmd/web/mailer.go:44.39,45.53 1 0
github.com/raphhawk/subs/cmd/web/mailer.go:46.38,47.29 1 0
github.com/raphhawk/subs/cmd/web/mailer.go:48.30,49.10 1 0
github.com/raphhawk/subs/cmd/web/mailer.go:54.52,62.16 3 0
github.com/raphhawk/subs/cmd/web/mailer.go:62.16,64.3 1 0
github.com/raphhawk/subs/cmd/web/mailer.go:66.2,67.16 2 0
github.com/raphhawk/subs/cmd/web/mailer.go:67.16,69.3 1 0
github.com/raphhawk/subs/cmd/web/mailer.go:71.2,71.18 1 0
github.com/raphhawk/subs/cmd/web/mailer.go:74.62,78.16 3 0
github.com/raphhawk/subs/cmd/web/mailer.go:78.16,80.3 1 0
github.com/raphhawk/subs/cmd/web/mailer.go:82.2,83.68 2 0
github.com/raphhawk/subs/cmd/web/mailer.go:83.68,85.3 1 0
github.com/raphhawk/subs/cmd/web/mailer.go:87.2,89.16 3 0
github.com/raphhawk/subs/cmd/web/mailer.go:89.16,91.3 1 0
github.com/raphhawk/subs/cmd/web/mailer.go:93.2,93.30 1 0
github.com/raphhawk/subs/cmd/web/mailer.go:96.63,100.16 3 0
github.com/raphhawk/subs/cmd/web/mailer.go:100.16,102.3 1 0
github.com/raphhawk/subs/cmd/web/mailer.go:104.2,105.68 2 0
github.com/raphhawk/subs/cmd/web/mailer.go:105.68,107.3 1 0
github.com/raphhawk/subs/cmd/web/mailer.go:109.2,110.26 2 0
github.com/raphhawk/subs/cmd/web/mailer.go:113.56,114.11 1 0
github.com/raphhawk/subs/cmd/web/mailer.go:115.13,116.33 1 0
github.com/raphhawk/subs/cmd/web/mailer.go:117.13,118.31 1 0
github.com/raphhawk/subs/cmd/web/mailer.go:119.14,120.29 1 0
github.com/raphhawk/subs/cmd/web/mailer.go:121.10,122.33 1 0
github.com/raphhawk/subs/cmd/web/mailer.go:126.60,129.24 2 0
github.com/raphhawk/subs/cmd/web/mailer.go:129.24,131.3 1 0
github.com/raphhawk/subs/cmd/web/mailer.go:132.2,132.20 1 0
github.com/raphhawk/subs/cmd/web/mailer.go:132.20,134.3 1 0
github.com/raphhawk/subs/cmd/web/mailer.go:135.2,135.24 1 0
github.com/raphhawk/subs/cmd/web/mailer.go:135.24,137.3 1 0
github.com/raphhawk/subs/cmd/web/mailer.go:138.2,138.31 1 0
github.com/raphhawk/subs/cmd/web/mailer.go:138.31,140.3 1 0
github.com/raphhawk/subs/cmd/web/mailer.go:146.2,146.27 1 0
github.com/raphhawk/subs/cmd/web/mailer.go:146.27,148.3 1 0
github.com/raphhawk/subs/cmd/web/mailer.go:149.2,152.16 3 0
github.com/raphhawk/subs/cmd/web/mailer.go:152.16,154.3 1 0
github.com/raphhawk/subs/cmd/web/mailer.go:155.2,156.16 2 0
github.com/raphhawk/subs/cmd/web/mailer.go:156.16,158.3 1 0
github.com/raphhawk/subs/cmd/web/mailer.go:160.2,171.16 11 0
github.com/raphhawk/subs/cmd/web/mailer.go:171.16,173.3 1 0
github.com/raphhawk/subs/cmd/web/mailer.go:175.2,184.30 5 0
github.com/raphhawk/subs/cmd/web/mailer.go:184.30,185.37 1 0
github.com/raphhawk/subs/cmd/web/mailer.go:185.37,187.4 1 0
github.com/raphhawk/subs/cmd/web/mailer.go:189.2,189.33 1 0
github.com/raphhawk/subs/cmd/web/mailer.go:189.33,190.46 1 0
github.com/raphhawk/subs/cmd/web/mailer.go:190.46,192.4 1 0
github.com/raphhawk/subs/cmd/web/mailer.go:195.2,196.16 2 0
github.com/raphhawk/subs/cmd/web/mailer.go:196.16,198.3 1 0
github.com/raphhawk/subs/cmd/web/main.go:26.42,28.16 2 0
github.com/raphhawk/subs/cmd/web/main.go:28.16,30.3 1 0
github.com/raphhawk/subs/cmd/web/main.go:32.2,32.34 1 0
github.com/raphhawk/subs/cmd/web/main.go:32.34,34.3 1 0
github.com/raphhawk/subs/cmd/web/main.go:35.2,35.16 1 0
github.com/raphhawk/subs/cmd/web/main.go:38.28,41.6 3 0
github.com/raphhawk/subs/cmd/web/main.go:41.6,44.17 3 0
github.com/raphhawk/subs/cmd/web/main.go:44.17,46.4 1 0
github.com/raphhawk/subs/cmd/web/main.go:46.9,49.4 2 0
github.com/raphhawk/subs/cmd/web/main.go:50.3,50.18 1 0
github.com/raphhawk/subs/cmd/web/main.go:50.18,52.4 1 0
github.com/raphhawk/subs/cmd/web/main.go:54.3,56.11 3 0
github.com/raphhawk/subs/cmd/web/main.go:60.23,62.17 2 0
github.com/raphhawk/subs/cmd/web/main.go:62.17,64.3 1 0
github.com/raphhawk/subs/cmd/web/main.go:65.2,65.13 1 0
github.com/raphhawk/subs/cmd/web/main.go:68.40,78.2 8 0
github.com/raphhawk/subs/cmd/web/main.go:80.30,83.36 1 0
github.com/raphhawk/subs/cmd/web/main.go:83.36,85.4 1 0
github.com/raphhawk/subs/cmd/web/main.go:87.2,87.18 1 0
github.com/raphhawk/subs/cmd/web/main.go:90.31,102.2 10 0
github.com/raphhawk/subs/cmd/web/main.go:104.40,110.2 5 0
github.com/raphhawk/subs/cmd/web/main.go:112.37,113.6 1 0
github.com/raphhawk/subs/cmd/web/main.go:113.6,114.10 1 0
github.com/raphhawk/subs/cmd/web/main.go:115.31,116.29 1 0
github.com/raphhawk/subs/cmd/web/main.go:117.28,118.10 1 0
github.com/raphhawk/subs/cmd/web/main.go:123.28,132.16 4 0
github.com/raphhawk/subs/cmd/web/main.go:132.16,134.3 1 0
github.com/raphhawk/subs/cmd/web/main.go:137.38,156.2 5 0
github.com/raphhawk/subs/cmd/web/main.go:158.13,193.2 13 0
github.com/raphhawk/subs/cmd/web/middleware.go:5.64,7.2 1 1
github.com/raphhawk/subs/cmd/web/middleware.go:9.57,10.71 1 1
github.com/raphhawk/subs/cmd/web/middleware.go:10.71,11.49 1 0
github.com/raphhawk/subs/cmd/web/middleware.go:11.49,15.4 3 0
github.com/raphhawk/subs/cmd/web/middleware.go:16.3,16.23 1 0
github.com/raphhawk/subs/cmd/web/render.go:25.58,27.2 1 1
github.com/raphhawk/subs/cmd/web/render.go:32.17,36.28 4 1
github.com/raphhawk/subs/cmd/web/render.go:36.28,39.10 3 0
github.com/raphhawk/subs/cmd/web/render.go:39.10,41.4 1 0
github.com/raphhawk/subs/cmd/web/render.go:41.9,43.4 1 0
github.com/raphhawk/subs/cmd/web/render.go:45.2,46.11 2 1
github.com/raphhawk/subs/cmd/web/render.go:54.3,71.15 5 1
github.com/raphhawk/subs/cmd/web/render.go:71.15,73.3 1 1
github.com/raphhawk/subs/cmd/web/render.go:75.2,76.16 2 1
github.com/raphhawk/subs/cmd/web/render.go:76.16,80.3 3 0
github.com/raphhawk/subs/cmd/web/render.go:82.2,82.67 1 1
github.com/raphhawk/subs/cmd/web/render.go:82.67,86.3 3 0
github.com/raphhawk/subs/cmd/web/routes.go:10.46,18.2 5 1
github.com/raphhawk/subs/cmd/web/routes.go:20.42,36.2 12 1
github.com/raphhawk/subs/cmd/web/signer.go:16.21,18.2 1 0
github.com/raphhawk/subs/cmd/web/signer.go:21.50,25.33 3 0
github.com/raphhawk/subs/cmd/web/signer.go:25.33,27.3 1 0
github.com/raphhawk/subs/cmd/web/signer.go:27.8,29.3 1 0
github.com/raphhawk/subs/cmd/web/signer.go:31.2,34.14 3 0
github.com/raphhawk/subs/cmd/web/signer.go:38.37,42.16 3 0
github.com/raphhawk/subs/cmd/web/signer.go:42.16,46.3 1 0
github.com/raphhawk/subs/cmd/web/signer.go:48.2,48.13 1 0
github.com/raphhawk/subs/cmd/web/signer.go:53.57,59.2 3 0
